  [1m[35m (169.3ms)[0m  [1m[35mCREATE DATABASE "SHAMR_development" ENCODING = 'unicode'[0m
  [1m[35m (76.3ms)[0m  [1m[35mCREATE DATABASE "SHAMR_test" ENCODING = 'unicode'[0m
  [1m[35m (5.4ms)[0m  [1m[35mCREATE TABLE "schema_migrations" ("version" character varying NOT NULL PRIMARY KEY)[0m
  [1m[35m (5.2ms)[0m  [1m[35mCREATE TABLE "ar_internal_metadata" ("key" character varying NOT NULL PRIMARY KEY, "value" character varying, "created_at" timestamp(6) NOT NULL, "updated_at" timestamp(6) NOT NULL)[0m
  [1m[35m (0.3ms)[0m  [1m[34mSELECT pg_try_advisory_lock(4552537367984208015)[0m
  [1m[35m (0.3ms)[0m  [1m[34mSELECT "schema_migrations"."version" FROM "schema_migrations" ORDER BY "schema_migrations"."version" ASC[0m
Migrating to CreateTwitterProfiles (20201005195056)
  [1m[35m (0.1ms)[0m  [1m[35mBEGIN[0m
  [1m[35m (4.4ms)[0m  [1m[35mCREATE TABLE "twitter_profiles" ("id" bigserial primary key, "username" character varying, "user_id" integer, "display_name" character varying, "offender" boolean, "protected" boolean, "created_at" timestamp(6) NOT NULL, "updated_at" timestamp(6) NOT NULL)[0m
  [1m[36mprimary::SchemaMigration Create (0.4ms)[0m  [1m[32mINSERT INTO "schema_migrations" ("version") VALUES ($1) RETURNING "version"[0m  [["version", "20201005195056"]]
  [1m[35m (0.4ms)[0m  [1m[35mCOMMIT[0m
  [1m[36mActiveRecord::InternalMetadata Load (0.2ms)[0m  [1m[34mSELECT "ar_internal_metadata".* FROM "ar_internal_metadata" WHERE "ar_internal_metadata"."key" = $1 LIMIT $2[0m  [["key", "environment"], ["LIMIT", 1]]
  [1m[35m (0.1ms)[0m  [1m[35mBEGIN[0m
  [1m[36mActiveRecord::InternalMetadata Create (0.4ms)[0m  [1m[32mINSERT INTO "ar_internal_metadata" ("key", "value", "created_at", "updated_at") VALUES ($1, $2, $3, $4) RETURNING "key"[0m  [["key", "environment"], ["value", "development"], ["created_at", "2020-10-05 19:55:08.376631"], ["updated_at", "2020-10-05 19:55:08.376631"]]
  [1m[35m (0.2ms)[0m  [1m[35mCOMMIT[0m
  [1m[35m (0.2ms)[0m  [1m[34mSELECT pg_advisory_unlock(4552537367984208015)[0m
  [1m[35m (1.7ms)[0m  [1m[34mSELECT "schema_migrations"."version" FROM "schema_migrations" ORDER BY "schema_migrations"."version" ASC[0m
  [1m[35m (0.1ms)[0m  [1m[34mSELECT pg_try_advisory_lock(4552537367984208015)[0m
  [1m[35m (0.4ms)[0m  [1m[34mSELECT "schema_migrations"."version" FROM "schema_migrations" ORDER BY "schema_migrations"."version" ASC[0m
Migrating to CreateOffenseCategories (20201005195539)
  [1m[35m (0.1ms)[0m  [1m[35mBEGIN[0m
  [1m[35m (3.4ms)[0m  [1m[35mCREATE TABLE "offense_categories" ("id" bigserial primary key, "name" character varying, "created_at" timestamp(6) NOT NULL, "updated_at" timestamp(6) NOT NULL)[0m
  [1m[36mprimary::SchemaMigration Create (0.3ms)[0m  [1m[32mINSERT INTO "schema_migrations" ("version") VALUES ($1) RETURNING "version"[0m  [["version", "20201005195539"]]
  [1m[35m (0.3ms)[0m  [1m[35mCOMMIT[0m
  [1m[36mActiveRecord::InternalMetadata Load (0.2ms)[0m  [1m[34mSELECT "ar_internal_metadata".* FROM "ar_internal_metadata" WHERE "ar_internal_metadata"."key" = $1 LIMIT $2[0m  [["key", "environment"], ["LIMIT", 1]]
  [1m[35m (0.3ms)[0m  [1m[34mSELECT pg_advisory_unlock(4552537367984208015)[0m
  [1m[35m (0.4ms)[0m  [1m[34mSELECT "schema_migrations"."version" FROM "schema_migrations" ORDER BY "schema_migrations"."version" ASC[0m
  [1m[35m (0.1ms)[0m  [1m[34mSELECT pg_try_advisory_lock(4552537367984208015)[0m
  [1m[35m (0.4ms)[0m  [1m[34mSELECT "schema_migrations"."version" FROM "schema_migrations" ORDER BY "schema_migrations"."version" ASC[0m
Migrating to AddTwitterProfilesToOffenseCategory (20201005200007)
  [1m[35m (0.1ms)[0m  [1m[35mBEGIN[0m
  [1m[35m (0.4ms)[0m  [1m[35mALTER TABLE "offense_categories" ADD "Twitter_profile_id" bigint NOT NULL[0m
  [1m[35m (1.0ms)[0m  [1m[35mCREATE  INDEX  "index_offense_categories_on_Twitter_profile_id" ON "offense_categories"  ("Twitter_profile_id")[0m
  [1m[35m (2.3ms)[0m  [1m[35mALTER TABLE "offense_categories" ADD CONSTRAINT "fk_rails_909bf87d04"
FOREIGN KEY ("Twitter_profile_id")
  REFERENCES "Twitter_profiles" ("id")
[0m
  [1m[35m (0.2ms)[0m  [1m[31mROLLBACK[0m
  [1m[35m (0.3ms)[0m  [1m[34mSELECT pg_advisory_unlock(4552537367984208015)[0m
  [1m[35m (0.1ms)[0m  [1m[34mSELECT pg_try_advisory_lock(4552537367984208015)[0m
  [1m[35m (0.4ms)[0m  [1m[34mSELECT "schema_migrations"."version" FROM "schema_migrations" ORDER BY "schema_migrations"."version" ASC[0m
Migrating to AddTwitterProfilesToOffenseCategory (20201005200007)
  [1m[35m (0.1ms)[0m  [1m[35mBEGIN[0m
  [1m[35m (0.5ms)[0m  [1m[35mALTER TABLE "offense_categories" ADD "twitter_profile_id" bigint NOT NULL[0m
  [1m[35m (0.9ms)[0m  [1m[35mCREATE  INDEX  "index_offense_categories_on_twitter_profile_id" ON "offense_categories"  ("twitter_profile_id")[0m
  [1m[35m (2.7ms)[0m  [1m[35mALTER TABLE "offense_categories" ADD CONSTRAINT "fk_rails_0d0192667b"
FOREIGN KEY ("twitter_profile_id")
  REFERENCES "twitter_profiles" ("id")
[0m
  [1m[36mprimary::SchemaMigration Create (0.2ms)[0m  [1m[32mINSERT INTO "schema_migrations" ("version") VALUES ($1) RETURNING "version"[0m  [["version", "20201005200007"]]
  [1m[35m (0.4ms)[0m  [1m[35mCOMMIT[0m
  [1m[36mActiveRecord::InternalMetadata Load (0.3ms)[0m  [1m[34mSELECT "ar_internal_metadata".* FROM "ar_internal_metadata" WHERE "ar_internal_metadata"."key" = $1 LIMIT $2[0m  [["key", "environment"], ["LIMIT", 1]]
  [1m[35m (0.3ms)[0m  [1m[34mSELECT pg_advisory_unlock(4552537367984208015)[0m
  [1m[35m (0.4ms)[0m  [1m[34mSELECT "schema_migrations"."version" FROM "schema_migrations" ORDER BY "schema_migrations"."version" ASC[0m
  [1m[35m (0.2ms)[0m  [1m[34mSELECT pg_try_advisory_lock(4552537367984208015)[0m
  [1m[35m (0.4ms)[0m  [1m[34mSELECT "schema_migrations"."version" FROM "schema_migrations" ORDER BY "schema_migrations"."version" ASC[0m
Migrating to CreateProfileOffenses (20201005200727)
  [1m[35m (0.1ms)[0m  [1m[35mBEGIN[0m
  [1m[35m (4.9ms)[0m  [1m[35mCREATE TABLE "profile_offenses" ("id" bigserial primary key, "twitter_profile_id" bigint NOT NULL, "offense_category_id" bigint NOT NULL, "created_at" timestamp(6) NOT NULL, "updated_at" timestamp(6) NOT NULL, CONSTRAINT "fk_rails_1a2f0c292c"
FOREIGN KEY ("twitter_profile_id")
  REFERENCES "twitter_profiles" ("id")
, CONSTRAINT "fk_rails_a7c1ec5062"
FOREIGN KEY ("offense_category_id")
  REFERENCES "offense_categories" ("id")
)[0m
  [1m[35m (0.6ms)[0m  [1m[35mCREATE  INDEX  "index_profile_offenses_on_twitter_profile_id" ON "profile_offenses"  ("twitter_profile_id")[0m
  [1m[35m (0.7ms)[0m  [1m[35mCREATE  INDEX  "index_profile_offenses_on_offense_category_id" ON "profile_offenses"  ("offense_category_id")[0m
  [1m[36mprimary::SchemaMigration Create (0.2ms)[0m  [1m[32mINSERT INTO "schema_migrations" ("version") VALUES ($1) RETURNING "version"[0m  [["version", "20201005200727"]]
  [1m[35m (0.7ms)[0m  [1m[35mCOMMIT[0m
  [1m[36mActiveRecord::InternalMetadata Load (0.2ms)[0m  [1m[34mSELECT "ar_internal_metadata".* FROM "ar_internal_metadata" WHERE "ar_internal_metadata"."key" = $1 LIMIT $2[0m  [["key", "environment"], ["LIMIT", 1]]
  [1m[35m (0.1ms)[0m  [1m[34mSELECT pg_advisory_unlock(4552537367984208015)[0m
  [1m[35m (0.4ms)[0m  [1m[34mSELECT "schema_migrations"."version" FROM "schema_migrations" ORDER BY "schema_migrations"."version" ASC[0m
  [1m[35m (0.1ms)[0m  [1m[35mBEGIN[0m
  [1m[36mTwitterProfile Create (0.5ms)[0m  [1m[32mINSERT INTO "twitter_profiles" ("id", "username", "display_name", "created_at", "updated_at") VALUES ($1, $2, $3, $4, $5) RETURNING "id"[0m  [["id", 25073877], ["username", "realdonaldtrump"], ["display_name", "Donald J. Trump"], ["created_at", "2020-10-05 20:11:45.052733"], ["updated_at", "2020-10-05 20:11:45.052733"]]
  [1m[35m (0.3ms)[0m  [1m[35mCOMMIT[0m
  [1m[36mTwitterProfile Load (0.9ms)[0m  [1m[34mSELECT "twitter_profiles".* FROM "twitter_profiles" LIMIT $1[0m  [["LIMIT", 11]]
  [1m[35m (51.2ms)[0m  [1m[35mCREATE DATABASE "SHAMR_development" ENCODING = 'unicode'[0m
  [1m[35m (49.1ms)[0m  [1m[35mCREATE DATABASE "SHAMR_test" ENCODING = 'unicode'[0m
  [1m[35m (4.6ms)[0m  [1m[35mCREATE TABLE "schema_migrations" ("version" character varying NOT NULL PRIMARY KEY)[0m
  [1m[35m (4.0ms)[0m  [1m[35mCREATE TABLE "ar_internal_metadata" ("key" character varying NOT NULL PRIMARY KEY, "value" character varying, "created_at" timestamp(6) NOT NULL, "updated_at" timestamp(6) NOT NULL)[0m
  [1m[35m (0.2ms)[0m  [1m[34mSELECT pg_try_advisory_lock(4552537367984208015)[0m
  [1m[35m (0.3ms)[0m  [1m[34mSELECT "schema_migrations"."version" FROM "schema_migrations" ORDER BY "schema_migrations"."version" ASC[0m
Migrating to CreateTwitterProfiles (20201005195056)
  [1m[35m (0.1ms)[0m  [1m[35mBEGIN[0m
  [1m[35m (2.6ms)[0m  [1m[35mCREATE TABLE "twitter_profiles" ("id" bigserial primary key, "username" character varying, "user_id" integer, "display_name" character varying, "offender" boolean, "protected" boolean, "created_at" timestamp(6) NOT NULL, "updated_at" timestamp(6) NOT NULL)[0m
  [1m[36mprimary::SchemaMigration Create (0.3ms)[0m  [1m[32mINSERT INTO "schema_migrations" ("version") VALUES ($1) RETURNING "version"[0m  [["version", "20201005195056"]]
  [1m[35m (0.4ms)[0m  [1m[35mCOMMIT[0m
Migrating to CreateOffenseCategories (20201005195539)
  [1m[35m (0.2ms)[0m  [1m[35mBEGIN[0m
  [1m[35m (3.9ms)[0m  [1m[35mCREATE TABLE "offense_categories" ("id" bigserial primary key, "name" character varying, "created_at" timestamp(6) NOT NULL, "updated_at" timestamp(6) NOT NULL)[0m
  [1m[36mprimary::SchemaMigration Create (0.2ms)[0m  [1m[32mINSERT INTO "schema_migrations" ("version") VALUES ($1) RETURNING "version"[0m  [["version", "20201005195539"]]
  [1m[35m (0.3ms)[0m  [1m[35mCOMMIT[0m
Migrating to AddTwitterProfilesToOffenseCategory (20201005200007)
  [1m[35m (0.2ms)[0m  [1m[35mBEGIN[0m
  [1m[35m (4.7ms)[0m  [1m[35mALTER TABLE "offense_categories" ADD "twitter_profile_id" bigint NOT NULL[0m
  [1m[35m (0.7ms)[0m  [1m[35mCREATE  INDEX  "index_offense_categories_on_twitter_profile_id" ON "offense_categories"  ("twitter_profile_id")[0m
  [1m[35m (1.2ms)[0m  [1m[35mALTER TABLE "offense_categories" ADD CONSTRAINT "fk_rails_0d0192667b"
FOREIGN KEY ("twitter_profile_id")
  REFERENCES "twitter_profiles" ("id")
[0m
  [1m[36mprimary::SchemaMigration Create (0.2ms)[0m  [1m[32mINSERT INTO "schema_migrations" ("version") VALUES ($1) RETURNING "version"[0m  [["version", "20201005200007"]]
  [1m[35m (0.3ms)[0m  [1m[35mCOMMIT[0m
Migrating to CreateProfileOffenses (20201005200727)
  [1m[35m (0.2ms)[0m  [1m[35mBEGIN[0m
  [1m[35m (4.0ms)[0m  [1m[35mCREATE TABLE "profile_offenses" ("id" bigserial primary key, "twitter_profile_id" bigint NOT NULL, "offense_category_id" bigint NOT NULL, "created_at" timestamp(6) NOT NULL, "updated_at" timestamp(6) NOT NULL, CONSTRAINT "fk_rails_1a2f0c292c"
FOREIGN KEY ("twitter_profile_id")
  REFERENCES "twitter_profiles" ("id")
, CONSTRAINT "fk_rails_a7c1ec5062"
FOREIGN KEY ("offense_category_id")
  REFERENCES "offense_categories" ("id")
)[0m
  [1m[35m (0.6ms)[0m  [1m[35mCREATE  INDEX  "index_profile_offenses_on_twitter_profile_id" ON "profile_offenses"  ("twitter_profile_id")[0m
  [1m[35m (0.6ms)[0m  [1m[35mCREATE  INDEX  "index_profile_offenses_on_offense_category_id" ON "profile_offenses"  ("offense_category_id")[0m
  [1m[36mprimary::SchemaMigration Create (0.1ms)[0m  [1m[32mINSERT INTO "schema_migrations" ("version") VALUES ($1) RETURNING "version"[0m  [["version", "20201005200727"]]
  [1m[35m (0.3ms)[0m  [1m[35mCOMMIT[0m
  [1m[36mActiveRecord::InternalMetadata Load (0.2ms)[0m  [1m[34mSELECT "ar_internal_metadata".* FROM "ar_internal_metadata" WHERE "ar_internal_metadata"."key" = $1 LIMIT $2[0m  [["key", "environment"], ["LIMIT", 1]]
  [1m[35m (0.1ms)[0m  [1m[35mBEGIN[0m
  [1m[36mActiveRecord::InternalMetadata Create (0.3ms)[0m  [1m[32mINSERT INTO "ar_internal_metadata" ("key", "value", "created_at", "updated_at") VALUES ($1, $2, $3, $4) RETURNING "key"[0m  [["key", "environment"], ["value", "development"], ["created_at", "2020-10-05 23:50:55.250373"], ["updated_at", "2020-10-05 23:50:55.250373"]]
  [1m[35m (0.2ms)[0m  [1m[35mCOMMIT[0m
  [1m[35m (0.2ms)[0m  [1m[34mSELECT pg_advisory_unlock(4552537367984208015)[0m
  [1m[35m (0.4ms)[0m  [1m[34mSELECT "schema_migrations"."version" FROM "schema_migrations" ORDER BY "schema_migrations"."version" ASC[0m
